--- Log for maintenance run starting at Sat Jul 12 03:12:16 PM CEST 2025 ---
[INFO] Checking sudo access...
[WARNING] No passwordless sudo access. Some operations may fail.
[INFO] Waiting for network connection...
[SUCCESS] Network connection is active.
[INFO] Starting system update with yay...
[1m[33m -> [0m[0mAvoid running yay as root/sudo.
:: Synchronizing package databases...
 core downloading...
 extra downloading...
 multilib downloading...
:: [1mSearching AUR for updates...[0m
:: [1mSearching databases for updates...[0m
:: 2 packages to upgrade/install.
2  core/gnutls    3.8.9-1      -> 3.8.10-1
1  aur/brave-bin  1:1.80.115-1 -> 1:1.80.120-1
==> Packages to exclude: (eg: "1 2 3", "1-3", "^4" or repo name)
 -> Excluding packages may cause partial upgrades and break systems
==> 
AUR Explicit (1): brave-bin-1:1.80.120-1
Sync Dependency (1): gnutls-3.8.10-1
:: [1m(1/1) Downloaded PKGBUILD: brave-bin[0m
  1 brave-bin                                (Installed) (Build Files Exist)
==> Packages to cleanBuild?
==> [N]one [A]ll [Ab]ort [I]nstalled [No]tInstalled or (1 2 3, 1-3, ^4)
==> 
  1 brave-bin                                (Installed) (Build Files Exist)
==> Diffs to show?
==> [N]one [A]ll [Ab]ort [I]nstalled [No]tInstalled or (1 2 3, 1-3, ^4)
==> 
==> ERROR: Running makepkg as root is not allowed as it can cause permanent,
catastrophic damage to your system.
 -> error downloading sources: /tmp/yay/brave-bin 
	 context: exit status 10 
	 

:: [1m(1/1) Parsing SRCINFO: brave-bin[0m
:: Synchronizing package databases...
 core downloading...
 extra downloading...
 multilib downloading...
:: Starting full system upgrade...
resolving dependencies...
looking for conflicting packages...

Packages (1) gnutls-3.8.10-1

Total Download Size:   1.76 MiB
Total Installed Size:  8.02 MiB
Net Upgrade Size:      0.03 MiB

:: Proceed with installation? [Y/n] 
:: Retrieving packages...
 gnutls-3.8.10-1-x86_64 downloading...
checking keyring...
checking package integrity...
loading package files...
checking for file conflicts...
checking available disk space...
:: Processing package changes...
upgrading gnutls...
:: Running post-transaction hooks...
(1/2) Arming ConditionNeedsUpdate...
(2/2) Updating the info directory file...
==> ERROR: Running makepkg as root is not allowed as it can cause permanent,
catastrophic damage to your system.
 -> error making: brave-bin-exit status 10
 -> Failed to install the following packages. Manual intervention is required:
brave-bin - exit status 10
[SUCCESS] System update finished.
[INFO] Starting synchronized configuration backup...
[INFO] Created temporary working directory at /tmp/tmp.TKe4wFlTdo
[INFO] Cloning repository into /tmp/tmp.TKe4wFlTdo...
Cloning into '/tmp/tmp.TKe4wFlTdo'...
[INFO] Cleaning old configurations from the local repository clone...
[DEBUG] Removed old ./.bashrc
[DEBUG] Removed old ./.config/alacritty
[DEBUG] Removed old ./.config/fastfetch
[DEBUG] Removed old ./.config/i3
[DEBUG] Removed old ./.config/nvim
[DEBUG] Removed old startup_maintenance.sh
[SUCCESS] Old configurations cleaned selectively.
[INFO] Copying current configurations into the repository...
[DEBUG] Copied /home/seremark/.bashrc
[DEBUG] Copied /home/seremark/.config/alacritty
[DEBUG] Copied /home/seremark/.config/fastfetch
